<?xml version="1.0" encoding="UTF-8"?>
<testng-results ignored="0" total="3" passed="3" failed="0" skipped="0">
  <reporter-output>
  </reporter-output>
  <suite started-at="2023-08-13T13:44:56 BDT" name="TestNG_WafiSuit" finished-at="2023-08-13T13:46:03 BDT" duration-ms="67384">
    <groups>
    </groups>
    <test started-at="2023-08-13T13:44:56 BDT" name="Test" finished-at="2023-08-13T13:46:03 BDT" duration-ms="67384">
      <class name="practical.project.tests.OrderTestPP">
        <test-method is-config="true" signature="openUrl()[pri:0, instance:practical.project.tests.OrderTestPP@279fedbd]" started-at="2023-08-13T13:45:44 BDT" name="openUrl" finished-at="2023-08-13T13:45:44 BDT" duration-ms="1" status="PASS">
          <reporter-output>
          </reporter-output>
        </test-method> <!-- openUrl -->
        <test-method signature="OrderTest()[pri:0, instance:practical.project.tests.OrderTestPP@279fedbd]" started-at="2023-08-13T13:45:44 BDT" name="OrderTest" finished-at="2023-08-13T13:46:02 BDT" duration-ms="17174" status="PASS">
          <reporter-output>
          </reporter-output>
        </test-method> <!-- OrderTest -->
        <test-method is-config="true" signature="afterClass()[pri:0, instance:practical.project.tests.OrderTestPP@279fedbd]" started-at="2023-08-13T13:46:02 BDT" name="afterClass" finished-at="2023-08-13T13:46:02 BDT" duration-ms="106" status="PASS">
          <reporter-output>
          </reporter-output>
        </test-method> <!-- afterClass -->
      </class> <!-- practical.project.tests.OrderTestPP -->
      <class name="practical.project.tests.LoginTestPP">
        <test-method is-config="true" signature="start()[pri:0, instance:practical.project.tests.LoginTestPP@fbd1f6]" started-at="2023-08-13T13:44:56 BDT" name="start" finished-at="2023-08-13T13:44:58 BDT" duration-ms="2614" status="PASS">
          <reporter-output>
          </reporter-output>
        </test-method> <!-- start -->
        <test-method is-config="true" signature="openUrl()[pri:0, instance:practical.project.tests.LoginTestPP@fbd1f6]" started-at="2023-08-13T13:44:58 BDT" name="openUrl" finished-at="2023-08-13T13:45:00 BDT" duration-ms="1758" status="PASS">
          <reporter-output>
          </reporter-output>
        </test-method> <!-- openUrl -->
        <test-method signature="loginTest()[pri:0, instance:practical.project.tests.LoginTestPP@fbd1f6]" started-at="2023-08-13T13:45:00 BDT" name="loginTest" finished-at="2023-08-13T13:45:12 BDT" duration-ms="11877" status="PASS">
          <reporter-output>
          </reporter-output>
        </test-method> <!-- loginTest -->
        <test-method is-config="true" signature="afterClass()[pri:0, instance:practical.project.tests.LoginTestPP@fbd1f6]" started-at="2023-08-13T13:45:12 BDT" name="afterClass" finished-at="2023-08-13T13:45:12 BDT" duration-ms="289" status="PASS">
          <reporter-output>
          </reporter-output>
        </test-method> <!-- afterClass -->
        <test-method is-config="true" signature="close()[pri:0, instance:practical.project.tests.LoginTestPP@fbd1f6]" started-at="2023-08-13T13:46:02 BDT" name="close" finished-at="2023-08-13T13:46:03 BDT" duration-ms="1347" status="PASS">
          <reporter-output>
          </reporter-output>
        </test-method> <!-- close -->
      </class> <!-- practical.project.tests.LoginTestPP -->
      <class name="practical.project.tests.BookingTestPP">
        <test-method is-config="true" signature="openUrl()[pri:0, instance:practical.project.tests.BookingTestPP@752325ad]" started-at="2023-08-13T13:45:12 BDT" name="openUrl" finished-at="2023-08-13T13:45:13 BDT" duration-ms="1016" status="PASS">
          <reporter-output>
          </reporter-output>
        </test-method> <!-- openUrl -->
        <test-method signature="loginTest()[pri:0, instance:practical.project.tests.BookingTestPP@752325ad]" started-at="2023-08-13T13:45:13 BDT" name="loginTest" finished-at="2023-08-13T13:45:44 BDT" duration-ms="31074" status="PASS">
          <reporter-output>
          </reporter-output>
        </test-method> <!-- loginTest -->
        <test-method is-config="true" signature="afterClass()[pri:0, instance:practical.project.tests.BookingTestPP@752325ad]" started-at="2023-08-13T13:45:44 BDT" name="afterClass" finished-at="2023-08-13T13:45:44 BDT" duration-ms="90" status="PASS">
          <reporter-output>
          </reporter-output>
        </test-method> <!-- afterClass -->
      </class> <!-- practical.project.tests.BookingTestPP -->
    </test> <!-- Test -->
  </suite> <!-- TestNG_WafiSuit -->
</testng-results>
