<?xml version="1.0" encoding="UTF-8"?>
<!-- Generated by org.testng.reporters.JUnitXMLReporter -->
<testsuite ignored="4" hostname="mufti-awl18" failures="0" tests="3" name="Test" time="67.384" errors="0" timestamp="2023-08-13T13:46:03 BDT">
  <testcase classname="practical.project.tests.LoginTestPP" name="loginTest" time="11.877"/>
  <testcase classname="practical.project.tests.BookingTestPP" name="loginTest" time="31.074"/>
  <testcase classname="practical.project.tests.OrderTestPP" name="OrderTest" time="17.174"/>
  <testcase classname="practical.project.drivers.BaseDriverPP" name="@AfterTest close" time="0.0">
    <ignored/>
  </testcase> <!-- @AfterTest close -->
  <testcase classname="practical.project.drivers.BaseDriverPP" name="@BeforeTest start" time="0.0">
    <ignored/>
  </testcase> <!-- @BeforeTest start -->
  <testcase classname="practical.project.drivers.BaseDriverPP" name="@BeforeTest start" time="0.0">
    <ignored/>
  </testcase> <!-- @BeforeTest start -->
  <testcase classname="practical.project.drivers.BaseDriverPP" name="@AfterTest close" time="0.0">
    <ignored/>
  </testcase> <!-- @AfterTest close -->
</testsuite> <!-- Test -->
